0 info it worked if it ends with ok
1 verbose cli [ 'E:\\Program Files\\nodejs\\node.exe',
1 verbose cli   'C:\\Users\\reyhaniso\\AppData\\Roaming\\npm\\node_modules\\npm\\bin\\npm-cli.js',
1 verbose cli   'run',
1 verbose cli   'server' ]
2 info using npm@4.1.2
3 info using node@v7.7.3
4 verbose run-script [ 'preserver', 'server', 'postserver' ]
5 info lifecycle react-backend@0.0.0~preserver: react-backend@0.0.0
6 silly lifecycle react-backend@0.0.0~preserver: no script for preserver, continuing
7 info lifecycle react-backend@0.0.0~server: react-backend@0.0.0
8 verbose lifecycle react-backend@0.0.0~server: unsafe-perm in lifecycle true
9 verbose lifecycle react-backend@0.0.0~server: PATH: C:\Users\reyhaniso\AppData\Roaming\npm\node_modules\npm\bin\node-gyp-bin;C:\Users\reyhaniso\workspace\fullstack2\react-backend\node_modules\.bin;C:\Users\reyhaniso\AppData\Roaming\npm\node_modules\npm\bin\node-gyp-bin;C:\Users\reyhaniso\workspace\fullstack2\react-backend\node_modules\.bin;C:\Users\reyhaniso\bin;C:\Program Files\Git\mingw64\bin;C:\Program Files\Git\usr\local\bin;C:\Program Files\Git\usr\bin;C:\Program Files\Git\usr\bin;C:\Program Files\Git\mingw64\bin;C:\Program Files\Git\usr\bin;C:\Users\reyhaniso\bin;E:\Python35\Scripts;E:\Python35;E:\Python27;E:\Python27\Scripts;C:\Program Files\nodejs;C:\Users\reyhaniso\AppData\Roaming\npm;C:\Users\reyhaniso;C:\WINDOWS\system32;C:\WINDOWS;C:\WINDOWS\System32\Wbem;C:\Program Files\Microsoft SQL Server\110\Tools\Binn;C:\Program Files\Microsoft\Web Platform Installer;C:\Program Files (x86)\Microsoft ASP.NET\ASP.NET Web Pages\v1.0;C:\Program Files\Microsoft SQL Server\110\DTS\Binn;C:\Program Files (x86)\Microsoft SQL Server\110\Tools\Binn;C:\Program Files (x86)\Microsoft SQL Server\110\Tools\Binn\ManagementStudio;C:\Program Files (x86)\Microsoft Visual Studio 10.0\Common7\IDE\PrivateAssemblies;C:\Program Files (x86)\Microsoft SQL Server\110\DTS\Binn;C:\Program Files (x86)\Windows Kits\8.1\Windows Performance Toolkit;C:\WINDOWS\System32\WindowsPowerShell\v1.0;C:\WINDOWS\system32\config\systemprofile\.dnx\bin;C:\Program Files\Microsoft DNX\Dnvm;C:\WINDOWS\System32\WindowsPowerShell\v1.0;C:\Program Files\Microsoft SQL Server\120\Tools\Binn;C:\Program Files\Microsoft SQL Server\130\Tools\Binn;C:\Program Files\nodejs;%APPDATA%\npm;C:\Program Files (x86)\Windows Kits\8.1\Windows Performance Toolkit;C:\WINDOWS\system32\config\systemprofile\.dnx\bin;C:\Program Files\Microsoft DNX\Dnvm;C:\Program Files\Microsoft SQL Server\120\Tools\Binn;C:\Program Files\Microsoft SQL Server\130\Tools\Binn;E:\Program Files (x86)\Microsoft Visual Studio 14.0\Common7\IDE;C:\Users\reyhaniso\AppData\Roaming\npm;C:\Users\reyhaniso\AppData\Local\Programs\Git\bin;C:\Program Files (x86)\GitExtensions;E:\Program Files (x86)\Microsoft VS Code;C:\Program Files\Microsoft DNX\Dnvm;C:\Program Files\KDiff3;C:\Program Files (x86)\Microsoft Team Foundation Server 2012 Power Tools;C:\Program Files (x86)\Microsoft Team Foundation Server 2012 Power Tools\Best Practices Analyzer;C:\Program Files\Git\cmd;C:\Program Files\Git\mingw64\bin;C:\Program Files\Git\usr\bin;C:\Program Files (x86)\GitExtensions;C:\Program Files\Microsoft SQL Server\110\DTS\Binn;C:\Program Files (x86)\Microsoft SQL Server\110\Tools\Binn;C:\Program Files\Microsoft SQL Server\110\Tools\Binn;C:\Program Files (x86)\Microsoft SQL Server\110\Tools\Binn\ManagementStudio;C:\Program Files (x86)\Microsoft Visual Studio 10.0\Common7\IDE\PrivateAssemblies;C:\Program Files (x86)\Microsoft SQL Server\110\DTS\Binn;C:\Program Files\dotnet;E:\Program Files\nodejs;C:\WINDOWS\system32\config\systemprofile\.dnx\bin;C:\Program Files\Microsoft DNX\Dnvm;C:\Users\reyhaniso\AppData\Local\Continuum\Anaconda3;C:\Users\reyhaniso\AppData\Local\Continuum\Anaconda3\Scripts;C:\Users\reyhaniso\AppData\Local\Continuum\Anaconda3\Library\bin;C:\Users\reyhaniso\AppData\Local\Programs\Git\cmd;C:\Users\reyhaniso\AppData\Local\Programs\Git\mingw64\bin;C:\Users\reyhaniso\AppData\Local\Programs\Git\usr\bin;C:\Users\reyhaniso;E:\Program Files (x86)\Microsoft Visual Studio 14.0\Common7\IDE;C:\Users\reyhaniso;C:\WINDOWS\system32;C:\WINDOWS;C:\WINDOWS\System32\Wbem;C:\Program Files\Microsoft SQL Server\110\Tools\Binn;C:\Program Files\Microsoft\Web Platform Installer;C:\Program Files (x86)\Microsoft ASP.NET\ASP.NET Web Pages\v1.0;C:\Program Files\Microsoft SQL Server\110\DTS\Binn;C:\Program Files (x86)\Microsoft SQL Server\110\Tools\Binn;C:\Program Files (x86)\Microsoft SQL Server\110\Tools\Binn\ManagementStudio;C:\Program Files (x86)\Microsoft Visual Studio 10.0\Common7\IDE\PrivateAssemblies;E:\Program Files\MongoDB\Server\3.4\bin;C:\Users\reyhaniso\AppData\Roaming\npm;C:\Program Files\Git\usr\bin\vendor_perl;C:\Program Files\Git\usr\bin\core_perl;E:\Python27\
10 verbose lifecycle react-backend@0.0.0~server: CWD: C:\Users\reyhaniso\workspace\fullstack2\react-backend
11 silly lifecycle react-backend@0.0.0~server: Args: [ '/d /s /c', 'PORT=3001 node ./bin/www' ]
12 silly lifecycle react-backend@0.0.0~server: Returned: code: 1  signal: null
13 info lifecycle react-backend@0.0.0~server: Failed to exec server script
14 verbose stack Error: react-backend@0.0.0 server: `PORT=3001 node ./bin/www`
14 verbose stack Exit status 1
14 verbose stack     at EventEmitter.<anonymous> (C:\Users\reyhaniso\AppData\Roaming\npm\node_modules\npm\lib\utils\lifecycle.js:279:16)
14 verbose stack     at emitTwo (events.js:106:13)
14 verbose stack     at EventEmitter.emit (events.js:194:7)
14 verbose stack     at ChildProcess.<anonymous> (C:\Users\reyhaniso\AppData\Roaming\npm\node_modules\npm\lib\utils\spawn.js:40:14)
14 verbose stack     at emitTwo (events.js:106:13)
14 verbose stack     at ChildProcess.emit (events.js:194:7)
14 verbose stack     at maybeClose (internal/child_process.js:899:16)
14 verbose stack     at Process.ChildProcess._handle.onexit (internal/child_process.js:226:5)
15 verbose pkgid react-backend@0.0.0
16 verbose cwd C:\Users\reyhaniso\workspace\fullstack2\react-backend
17 error Windows_NT 6.1.7601
18 error argv "E:\\Program Files\\nodejs\\node.exe" "C:\\Users\\reyhaniso\\AppData\\Roaming\\npm\\node_modules\\npm\\bin\\npm-cli.js" "run" "server"
19 error node v7.7.3
20 error npm  v4.1.2
21 error code ELIFECYCLE
22 error react-backend@0.0.0 server: `PORT=3001 node ./bin/www`
22 error Exit status 1
23 error Failed at the react-backend@0.0.0 server script 'PORT=3001 node ./bin/www'.
23 error Make sure you have the latest version of node.js and npm installed.
23 error If you do, this is most likely a problem with the react-backend package,
23 error not with npm itself.
23 error Tell the author that this fails on your system:
23 error     PORT=3001 node ./bin/www
23 error You can get information on how to open an issue for this project with:
23 error     npm bugs react-backend
23 error Or if that isn't available, you can get their info via:
23 error     npm owner ls react-backend
23 error There is likely additional logging output above.
24 verbose exit [ 1, true ]
